c:\users\ahmed\documents\visual studio 2013\projects\machine_age_gui\machine_age_gui\release\vc120.pdb
c:\users\ahmed\documents\visual studio 2013\projects\machine_age_gui\machine_age_gui\release\myform.obj
c:\users\ahmed\documents\visual studio 2013\projects\machine_age_gui\machine_age_gui\release\curr_time.obj
c:\users\ahmed\documents\visual studio 2013\projects\machine_age_gui\machine_age_gui\release\cmd.obj
c:\users\ahmed\documents\visual studio 2013\projects\machine_age_gui\machine_age_gui\release\calc_age.obj
c:\users\ahmed\documents\visual studio 2013\projects\machine_age_gui\machine_age_gui\release\.netframework,version=v4.5.assemblyattributes.obj
c:\users\ahmed\documents\visual studio 2013\projects\machine_age_gui\release\machine_age_gui.exe
c:\users\ahmed\documents\visual studio 2013\projects\machine_age_gui\release\machine_age_gui.pdb
c:\users\ahmed\documents\visual studio 2013\projects\machine_age_gui\machine_age_gui\release\machine_age_gui.myform.resources
c:\users\ahmed\documents\visual studio 2013\projects\machine_age_gui\machine_age_gui\release\machine_age_gui.vcxproj.generateresource.cache
c:\users\ahmed\documents\visual studio 2013\projects\machine_age_gui\machine_age_gui\release\machine_age_gui.vcxprojresolveassemblyreference.cache
c:\users\ahmed\documents\visual studio 2013\projects\machine_age_gui\machine_age_gui\release\machine_age_gui.tlog\cl.command.1.tlog
c:\users\ahmed\documents\visual studio 2013\projects\machine_age_gui\machine_age_gui\release\machine_age_gui.tlog\cl.read.1.tlog
c:\users\ahmed\documents\visual studio 2013\projects\machine_age_gui\machine_age_gui\release\machine_age_gui.tlog\cl.write.1.tlog
c:\users\ahmed\documents\visual studio 2013\projects\machine_age_gui\machine_age_gui\release\machine_age_gui.tlog\link.command.1.tlog
c:\users\ahmed\documents\visual studio 2013\projects\machine_age_gui\machine_age_gui\release\machine_age_gui.tlog\link.read.1.tlog
c:\users\ahmed\documents\visual studio 2013\projects\machine_age_gui\machine_age_gui\release\machine_age_gui.tlog\link.write.1.tlog
c:\users\ahmed\documents\visual studio 2013\projects\machine_age_gui\machine_age_gui\release\machine_age_gui.tlog\machine_age_gui.write.1u.tlog
c:\users\ahmed\documents\visual studio 2013\projects\machine_age_gui\machine_age_gui\release\machine_age_gui.tlog\metagen.read.1.tlog
c:\users\ahmed\documents\visual studio 2013\projects\machine_age_gui\machine_age_gui\release\machine_age_gui.tlog\metagen.write.1.tlog
c:\users\ahmed\documents\visual studio 2013\projects\machine_age_gui\machine_age_gui\release\machine_age_gui.tlog\tzres.dll.bi
